<?xml version="1.0" encoding="UTF-8"?>
<coverage generated="1670770713211" clover="3.2.0">
  <project timestamp="1670770713212" name="All files">
    <metrics statements="30" coveredstatements="30" conditionals="16" coveredconditionals="16" methods="5" coveredmethods="5" elements="51" coveredelements="51" complexity="0" loc="30" ncloc="30" packages="1" files="5" classes="5"/>
    <file name="balance.ts" path="C:\Users\Dona\OneDrive - De Vinci\iim\A4\s3 - tdd\tdd-bank-system\balance.ts">
      <metrics statements="2" coveredstatements="2" conditionals="0" coveredconditionals="0" methods="1" coveredmethods="1"/>
      <line num="1" count="1" type="stmt"/>
      <line num="3" count="1" type="stmt"/>
    </file>
    <file name="currencies.ts" path="C:\Users\Dona\OneDrive - De Vinci\iim\A4\s3 - tdd\tdd-bank-system\currencies.ts">
      <metrics statements="10" coveredstatements="10" conditionals="5" coveredconditionals="5" methods="1" coveredmethods="1"/>
      <line num="1" count="1" type="stmt"/>
      <line num="2" count="7" type="cond" truecount="1" falsecount="0"/>
      <line num="3" count="6" type="cond" truecount="1" falsecount="0"/>
      <line num="5" count="5" type="stmt"/>
      <line num="7" count="5" type="stmt"/>
      <line num="9" count="5" type="stmt"/>
      <line num="10" count="5" type="cond" truecount="1" falsecount="0"/>
      <line num="11" count="4" type="cond" truecount="1" falsecount="0"/>
      <line num="12" count="3" type="cond" truecount="1" falsecount="0"/>
      <line num="13" count="1" type="stmt"/>
    </file>
    <file name="deposit.ts" path="C:\Users\Dona\OneDrive - De Vinci\iim\A4\s3 - tdd\tdd-bank-system\deposit.ts">
      <metrics statements="5" coveredstatements="5" conditionals="3" coveredconditionals="3" methods="1" coveredmethods="1"/>
      <line num="1" count="1" type="stmt"/>
      <line num="3" count="3" type="cond" truecount="3" falsecount="0"/>
      <line num="4" count="1" type="stmt"/>
      <line num="6" count="1" type="stmt"/>
      <line num="10" count="2" type="stmt"/>
    </file>
    <file name="loan.ts" path="C:\Users\Dona\OneDrive - De Vinci\iim\A4\s3 - tdd\tdd-bank-system\loan.ts">
      <metrics statements="6" coveredstatements="6" conditionals="3" coveredconditionals="3" methods="1" coveredmethods="1"/>
      <line num="1" count="1" type="stmt"/>
      <line num="3" count="2" type="stmt"/>
      <line num="4" count="2" type="stmt"/>
      <line num="7" count="2" type="cond" truecount="3" falsecount="0"/>
      <line num="9" count="1" type="stmt"/>
      <line num="12" count="1" type="stmt"/>
    </file>
    <file name="withdrawal.ts" path="C:\Users\Dona\OneDrive - De Vinci\iim\A4\s3 - tdd\tdd-bank-system\withdrawal.ts">
      <metrics statements="7" coveredstatements="7" conditionals="5" coveredconditionals="5" methods="1" coveredmethods="1"/>
      <line num="1" count="1" type="stmt"/>
      <line num="3" count="5" type="cond" truecount="1" falsecount="0"/>
      <line num="4" count="4" type="cond" truecount="1" falsecount="0"/>
      <line num="5" count="3" type="cond" truecount="3" falsecount="0"/>
      <line num="6" count="1" type="stmt"/>
      <line num="8" count="1" type="stmt"/>
      <line num="18" count="2" type="stmt"/>
    </file>
  </project>
</coverage>
