{"/Users/fidelinebazana/Developer/cours/2022/Tests Unitaires/rendu/account.ts": {"path":"/Users/fidelinebazana/Developer/cours/2022/Tests Unitaires/rendu/account.ts","statementMap":{"0":{"start":{"line":2,"column":30},"end":{"line":2,"column":32}},"1":{"start":{"line":3,"column":4},"end":{"line":3,"column":69}},"2":{"start":{"line":4,"column":4},"end":{"line":4,"column":72}},"3":{"start":{"line":5,"column":4},"end":{"line":5,"column":69}},"4":{"start":{"line":7,"column":29},"end":{"line":21,"column":1}},"5":{"start":{"line":9,"column":21},"end":{"line":9,"column":75}},"6":{"start":{"line":12,"column":4},"end":{"line":19,"column":null}},"7":{"start":{"line":12,"column":17},"end":{"line":12,"column":18}},"8":{"start":{"line":12,"column":26},"end":{"line":12,"column":41}},"9":{"start":{"line":13,"column":8},"end":{"line":18,"column":null}},"10":{"start":{"line":14,"column":12},"end":{"line":14,"column":null}},"11":{"start":{"line":16,"column":12},"end":{"line":16,"column":null}},"12":{"start":{"line":17,"column":12},"end":{"line":17,"column":null}},"13":{"start":{"line":20,"column":4},"end":{"line":20,"column":null}},"14":{"start":{"line":7,"column":13},"end":{"line":7,"column":29}},"15":{"start":{"line":23,"column":29},"end":{"line":36,"column":1}},"16":{"start":{"line":25,"column":26},"end":{"line":25,"column":44}},"17":{"start":{"line":26,"column":4},"end":{"line":34,"column":null}},"18":{"start":{"line":26,"column":17},"end":{"line":26,"column":18}},"19":{"start":{"line":26,"column":26},"end":{"line":26,"column":41}},"20":{"start":{"line":27,"column":8},"end":{"line":33,"column":null}},"21":{"start":{"line":28,"column":12},"end":{"line":28,"column":null}},"22":{"start":{"line":30,"column":12},"end":{"line":30,"column":null}},"23":{"start":{"line":32,"column":12},"end":{"line":32,"column":null}},"24":{"start":{"line":35,"column":4},"end":{"line":35,"column":null}},"25":{"start":{"line":23,"column":13},"end":{"line":23,"column":29}},"26":{"start":{"line":38,"column":27},"end":{"line":51,"column":1}},"27":{"start":{"line":40,"column":24},"end":{"line":40,"column":43}},"28":{"start":{"line":41,"column":4},"end":{"line":49,"column":null}},"29":{"start":{"line":41,"column":17},"end":{"line":41,"column":18}},"30":{"start":{"line":41,"column":26},"end":{"line":41,"column":41}},"31":{"start":{"line":42,"column":8},"end":{"line":48,"column":null}},"32":{"start":{"line":43,"column":12},"end":{"line":43,"column":null}},"33":{"start":{"line":45,"column":12},"end":{"line":45,"column":null}},"34":{"start":{"line":47,"column":12},"end":{"line":47,"column":null}},"35":{"start":{"line":50,"column":4},"end":{"line":50,"column":null}},"36":{"start":{"line":38,"column":13},"end":{"line":38,"column":27}}},"fnMap":{"0":{"name":"(anonymous_0)","decl":{"start":{"line":7,"column":29},"end":{"line":7,"column":30}},"loc":{"start":{"line":7,"column":110},"end":{"line":21,"column":1}}},"1":{"name":"(anonymous_1)","decl":{"start":{"line":23,"column":29},"end":{"line":23,"column":30}},"loc":{"start":{"line":23,"column":75},"end":{"line":36,"column":1}}},"2":{"name":"(anonymous_2)","decl":{"start":{"line":38,"column":27},"end":{"line":38,"column":28}},"loc":{"start":{"line":38,"column":90},"end":{"line":51,"column":1}}}},"branchMap":{"0":{"loc":{"start":{"line":13,"column":8},"end":{"line":18,"column":null}},"type":"if","locations":[{"start":{"line":13,"column":8},"end":{"line":18,"column":null}},{"start":{"line":15,"column":13},"end":{"line":18,"column":null}}]},"1":{"loc":{"start":{"line":13,"column":11},"end":{"line":13,"column":105}},"type":"binary-expr","locations":[{"start":{"line":13,"column":11},"end":{"line":13,"column":65}},{"start":{"line":13,"column":69},"end":{"line":13,"column":105}}]},"2":{"loc":{"start":{"line":27,"column":8},"end":{"line":33,"column":null}},"type":"if","locations":[{"start":{"line":27,"column":8},"end":{"line":33,"column":null}},{"start":{"line":31,"column":13},"end":{"line":33,"column":null}}]},"3":{"loc":{"start":{"line":27,"column":11},"end":{"line":27,"column":115}},"type":"binary-expr","locations":[{"start":{"line":27,"column":11},"end":{"line":27,"column":70}},{"start":{"line":27,"column":74},"end":{"line":27,"column":115}}]},"4":{"loc":{"start":{"line":42,"column":8},"end":{"line":48,"column":null}},"type":"if","locations":[{"start":{"line":42,"column":8},"end":{"line":48,"column":null}},{"start":{"line":46,"column":13},"end":{"line":48,"column":null}}]},"5":{"loc":{"start":{"line":42,"column":11},"end":{"line":42,"column":111}},"type":"binary-expr","locations":[{"start":{"line":42,"column":11},"end":{"line":42,"column":68}},{"start":{"line":42,"column":72},"end":{"line":42,"column":111}}]}},"s":{"0":1,"1":1,"2":1,"3":1,"4":1,"5":3,"6":3,"7":3,"8":3,"9":3,"10":2,"11":1,"12":1,"13":0,"14":1,"15":1,"16":2,"17":2,"18":2,"19":2,"20":2,"21":1,"22":1,"23":1,"24":0,"25":1,"26":1,"27":2,"28":2,"29":2,"30":2,"31":2,"32":0,"33":0,"34":0,"35":0,"36":1},"f":{"0":3,"1":2,"2":2},"b":{"0":[2,1],"1":[3,2],"2":[1,1],"3":[2,1],"4":[0,0],"5":[2,0]}}
,"/Users/fidelinebazana/Developer/cours/2022/Tests Unitaires/rendu/balance.ts": {"path":"/Users/fidelinebazana/Developer/cours/2022/Tests Unitaires/rendu/balance.ts","statementMap":{"0":{"start":{"line":1,"column":23},"end":{"line":4,"column":1}},"1":{"start":{"line":3,"column":4},"end":{"line":3,"column":19}},"2":{"start":{"line":1,"column":13},"end":{"line":1,"column":23}}},"fnMap":{"0":{"name":"(anonymous_0)","decl":{"start":{"line":1,"column":23},"end":{"line":1,"column":24}},"loc":{"start":{"line":1,"column":51},"end":{"line":4,"column":1}}}},"branchMap":{},"s":{"0":1,"1":1,"2":1},"f":{"0":1},"b":{}}
,"/Users/fidelinebazana/Developer/cours/2022/Tests Unitaires/rendu/currencies.ts": {"path":"/Users/fidelinebazana/Developer/cours/2022/Tests Unitaires/rendu/currencies.ts","statementMap":{"0":{"start":{"line":1,"column":26},"end":{"line":14,"column":1}},"1":{"start":{"line":2,"column":4},"end":{"line":2,"column":null}},"2":{"start":{"line":2,"column":21},"end":{"line":2,"column":null}},"3":{"start":{"line":3,"column":4},"end":{"line":3,"column":null}},"4":{"start":{"line":3,"column":40},"end":{"line":3,"column":null}},"5":{"start":{"line":5,"column":18},"end":{"line":5,"column":23}},"6":{"start":{"line":7,"column":18},"end":{"line":7,"column":25}},"7":{"start":{"line":9,"column":18},"end":{"line":9,"column":23}},"8":{"start":{"line":10,"column":4},"end":{"line":10,"column":null}},"9":{"start":{"line":10,"column":25},"end":{"line":10,"column":null}},"10":{"start":{"line":11,"column":4},"end":{"line":11,"column":null}},"11":{"start":{"line":11,"column":25},"end":{"line":11,"column":null}},"12":{"start":{"line":12,"column":4},"end":{"line":12,"column":null}},"13":{"start":{"line":12,"column":25},"end":{"line":12,"column":null}},"14":{"start":{"line":13,"column":4},"end":{"line":13,"column":null}},"15":{"start":{"line":1,"column":13},"end":{"line":1,"column":26}}},"fnMap":{"0":{"name":"(anonymous_0)","decl":{"start":{"line":1,"column":26},"end":{"line":1,"column":27}},"loc":{"start":{"line":1,"column":80},"end":{"line":14,"column":1}}}},"branchMap":{"0":{"loc":{"start":{"line":2,"column":4},"end":{"line":2,"column":null}},"type":"if","locations":[{"start":{"line":2,"column":4},"end":{"line":2,"column":null}}]},"1":{"loc":{"start":{"line":3,"column":4},"end":{"line":3,"column":null}},"type":"if","locations":[{"start":{"line":3,"column":4},"end":{"line":3,"column":null}}]},"2":{"loc":{"start":{"line":10,"column":4},"end":{"line":10,"column":null}},"type":"if","locations":[{"start":{"line":10,"column":4},"end":{"line":10,"column":null}}]},"3":{"loc":{"start":{"line":11,"column":4},"end":{"line":11,"column":null}},"type":"if","locations":[{"start":{"line":11,"column":4},"end":{"line":11,"column":null}}]},"4":{"loc":{"start":{"line":12,"column":4},"end":{"line":12,"column":null}},"type":"if","locations":[{"start":{"line":12,"column":4},"end":{"line":12,"column":null}}]}},"s":{"0":1,"1":7,"2":1,"3":6,"4":1,"5":5,"6":5,"7":5,"8":5,"9":1,"10":4,"11":1,"12":3,"13":2,"14":1,"15":1},"f":{"0":7},"b":{"0":[1],"1":[1],"2":[1],"3":[1],"4":[2]}}
,"/Users/fidelinebazana/Developer/cours/2022/Tests Unitaires/rendu/deposit.ts": {"path":"/Users/fidelinebazana/Developer/cours/2022/Tests Unitaires/rendu/deposit.ts","statementMap":{"0":{"start":{"line":1,"column":23},"end":{"line":11,"column":1}},"1":{"start":{"line":3,"column":4},"end":{"line":8,"column":null}},"2":{"start":{"line":4,"column":21},"end":{"line":4,"column":37}},"3":{"start":{"line":6,"column":8},"end":{"line":6,"column":22}},"4":{"start":{"line":10,"column":4},"end":{"line":10,"column":28}},"5":{"start":{"line":1,"column":13},"end":{"line":1,"column":23}}},"fnMap":{"0":{"name":"(anonymous_0)","decl":{"start":{"line":1,"column":23},"end":{"line":1,"column":24}},"loc":{"start":{"line":1,"column":67},"end":{"line":11,"column":1}}}},"branchMap":{"0":{"loc":{"start":{"line":3,"column":4},"end":{"line":8,"column":null}},"type":"if","locations":[{"start":{"line":3,"column":4},"end":{"line":8,"column":null}}]},"1":{"loc":{"start":{"line":3,"column":7},"end":{"line":3,"column":74}},"type":"binary-expr","locations":[{"start":{"line":3,"column":7},"end":{"line":3,"column":39}},{"start":{"line":3,"column":43},"end":{"line":3,"column":74}}]}},"s":{"0":1,"1":3,"2":1,"3":1,"4":2,"5":1},"f":{"0":3},"b":{"0":[1],"1":[3,2]}}
,"/Users/fidelinebazana/Developer/cours/2022/Tests Unitaires/rendu/loan.ts": {"path":"/Users/fidelinebazana/Developer/cours/2022/Tests Unitaires/rendu/loan.ts","statementMap":{"0":{"start":{"line":1,"column":20},"end":{"line":13,"column":1}},"1":{"start":{"line":3,"column":19},"end":{"line":3,"column":42}},"2":{"start":{"line":4,"column":21},"end":{"line":4,"column":37}},"3":{"start":{"line":7,"column":4},"end":{"line":11,"column":null}},"4":{"start":{"line":9,"column":8},"end":{"line":9,"column":null}},"5":{"start":{"line":12,"column":4},"end":{"line":12,"column":null}},"6":{"start":{"line":1,"column":13},"end":{"line":1,"column":20}}},"fnMap":{"0":{"name":"(anonymous_0)","decl":{"start":{"line":1,"column":20},"end":{"line":1,"column":21}},"loc":{"start":{"line":1,"column":73},"end":{"line":13,"column":1}}}},"branchMap":{"0":{"loc":{"start":{"line":7,"column":4},"end":{"line":11,"column":null}},"type":"if","locations":[{"start":{"line":7,"column":4},"end":{"line":11,"column":null}}]},"1":{"loc":{"start":{"line":7,"column":7},"end":{"line":7,"column":74}},"type":"binary-expr","locations":[{"start":{"line":7,"column":7},"end":{"line":7,"column":39}},{"start":{"line":7,"column":43},"end":{"line":7,"column":74}}]}},"s":{"0":1,"1":2,"2":2,"3":2,"4":1,"5":1,"6":1},"f":{"0":2},"b":{"0":[1],"1":[2,2]}}
,"/Users/fidelinebazana/Developer/cours/2022/Tests Unitaires/rendu/withdrawal.ts": {"path":"/Users/fidelinebazana/Developer/cours/2022/Tests Unitaires/rendu/withdrawal.ts","statementMap":{"0":{"start":{"line":1,"column":26},"end":{"line":19,"column":1}},"1":{"start":{"line":3,"column":4},"end":{"line":3,"column":60}},"2":{"start":{"line":3,"column":22},"end":{"line":3,"column":60}},"3":{"start":{"line":4,"column":4},"end":{"line":4,"column":53}},"4":{"start":{"line":4,"column":29},"end":{"line":4,"column":53}},"5":{"start":{"line":5,"column":4},"end":{"line":10,"column":null}},"6":{"start":{"line":6,"column":21},"end":{"line":6,"column":38}},"7":{"start":{"line":8,"column":8},"end":{"line":8,"column":22}},"8":{"start":{"line":18,"column":4},"end":{"line":18,"column":28}},"9":{"start":{"line":1,"column":13},"end":{"line":1,"column":26}}},"fnMap":{"0":{"name":"(anonymous_0)","decl":{"start":{"line":1,"column":26},"end":{"line":1,"column":27}},"loc":{"start":{"line":1,"column":79},"end":{"line":19,"column":1}}}},"branchMap":{"0":{"loc":{"start":{"line":3,"column":4},"end":{"line":3,"column":60}},"type":"if","locations":[{"start":{"line":3,"column":4},"end":{"line":3,"column":60}}]},"1":{"loc":{"start":{"line":4,"column":4},"end":{"line":4,"column":53}},"type":"if","locations":[{"start":{"line":4,"column":4},"end":{"line":4,"column":53}}]},"2":{"loc":{"start":{"line":5,"column":4},"end":{"line":10,"column":null}},"type":"if","locations":[{"start":{"line":5,"column":4},"end":{"line":10,"column":null}}]},"3":{"loc":{"start":{"line":5,"column":7},"end":{"line":5,"column":74}},"type":"binary-expr","locations":[{"start":{"line":5,"column":7},"end":{"line":5,"column":39}},{"start":{"line":5,"column":43},"end":{"line":5,"column":74}}]}},"s":{"0":1,"1":5,"2":1,"3":4,"4":1,"5":3,"6":1,"7":1,"8":2,"9":1},"f":{"0":5},"b":{"0":[1],"1":[1],"2":[1],"3":[3,2]}}
}
