{"C:\\laragon\\www\\tdd-bank-system\\account.ts": {"path":"C:\\laragon\\www\\tdd-bank-system\\account.ts","statementMap":{"0":{"start":{"line":1,"column":29},"end":{"line":27,"column":1}},"1":{"start":{"line":3,"column":19},"end":{"line":9,"column":null}},"2":{"start":{"line":10,"column":21},"end":{"line":10,"column":75}},"3":{"start":{"line":12,"column":18},"end":{"line":12,"column":20}},"4":{"start":{"line":13,"column":26},"end":{"line":13,"column":79}},"5":{"start":{"line":13,"column":54},"end":{"line":13,"column":78}},"6":{"start":{"line":14,"column":24},"end":{"line":14,"column":71}},"7":{"start":{"line":14,"column":50},"end":{"line":14,"column":70}},"8":{"start":{"line":15,"column":8},"end":{"line":18,"column":null}},"9":{"start":{"line":16,"column":12},"end":{"line":16,"column":null}},"10":{"start":{"line":17,"column":12},"end":{"line":17,"column":null}},"11":{"start":{"line":21,"column":8},"end":{"line":25,"column":null}},"12":{"start":{"line":22,"column":12},"end":{"line":22,"column":null}},"13":{"start":{"line":23,"column":12},"end":{"line":23,"column":null}},"14":{"start":{"line":24,"column":12},"end":{"line":24,"column":null}},"15":{"start":{"line":1,"column":13},"end":{"line":1,"column":29}}},"fnMap":{"0":{"name":"(anonymous_0)","decl":{"start":{"line":1,"column":29},"end":{"line":1,"column":30}},"loc":{"start":{"line":1,"column":93},"end":{"line":27,"column":1}}},"1":{"name":"(anonymous_1)","decl":{"start":{"line":13,"column":40},"end":{"line":13,"column":41}},"loc":{"start":{"line":13,"column":54},"end":{"line":13,"column":78}}},"2":{"name":"(anonymous_2)","decl":{"start":{"line":14,"column":38},"end":{"line":14,"column":39}},"loc":{"start":{"line":14,"column":50},"end":{"line":14,"column":70}}}},"branchMap":{"0":{"loc":{"start":{"line":15,"column":8},"end":{"line":18,"column":null}},"type":"if","locations":[{"start":{"line":15,"column":8},"end":{"line":18,"column":null}}]},"1":{"loc":{"start":{"line":15,"column":11},"end":{"line":15,"column":35}},"type":"binary-expr","locations":[{"start":{"line":15,"column":11},"end":{"line":15,"column":22}},{"start":{"line":15,"column":26},"end":{"line":15,"column":35}}]},"2":{"loc":{"start":{"line":21,"column":8},"end":{"line":25,"column":null}},"type":"if","locations":[{"start":{"line":21,"column":8},"end":{"line":25,"column":null}}]}},"s":{"0":1,"1":2,"2":2,"3":2,"4":2,"5":7,"6":2,"7":7,"8":2,"9":1,"10":1,"11":1,"12":1,"13":1,"14":1,"15":1},"f":{"0":2,"1":7,"2":7},"b":{"0":[1],"1":[2,1],"2":[1]}}
,"C:\\laragon\\www\\tdd-bank-system\\balance.ts": {"path":"C:\\laragon\\www\\tdd-bank-system\\balance.ts","statementMap":{"0":{"start":{"line":1,"column":23},"end":{"line":4,"column":1}},"1":{"start":{"line":3,"column":4},"end":{"line":3,"column":19}},"2":{"start":{"line":1,"column":13},"end":{"line":1,"column":23}}},"fnMap":{"0":{"name":"(anonymous_0)","decl":{"start":{"line":1,"column":23},"end":{"line":1,"column":24}},"loc":{"start":{"line":1,"column":51},"end":{"line":4,"column":1}}}},"branchMap":{},"s":{"0":1,"1":1,"2":1},"f":{"0":1},"b":{}}
,"C:\\laragon\\www\\tdd-bank-system\\currencies.ts": {"path":"C:\\laragon\\www\\tdd-bank-system\\currencies.ts","statementMap":{"0":{"start":{"line":1,"column":26},"end":{"line":14,"column":1}},"1":{"start":{"line":2,"column":4},"end":{"line":2,"column":null}},"2":{"start":{"line":2,"column":21},"end":{"line":2,"column":null}},"3":{"start":{"line":3,"column":4},"end":{"line":3,"column":null}},"4":{"start":{"line":3,"column":40},"end":{"line":3,"column":null}},"5":{"start":{"line":5,"column":18},"end":{"line":5,"column":23}},"6":{"start":{"line":7,"column":18},"end":{"line":7,"column":25}},"7":{"start":{"line":9,"column":18},"end":{"line":9,"column":23}},"8":{"start":{"line":10,"column":4},"end":{"line":10,"column":null}},"9":{"start":{"line":10,"column":25},"end":{"line":10,"column":null}},"10":{"start":{"line":11,"column":4},"end":{"line":11,"column":null}},"11":{"start":{"line":11,"column":25},"end":{"line":11,"column":null}},"12":{"start":{"line":12,"column":4},"end":{"line":12,"column":null}},"13":{"start":{"line":12,"column":25},"end":{"line":12,"column":null}},"14":{"start":{"line":13,"column":4},"end":{"line":13,"column":null}},"15":{"start":{"line":1,"column":13},"end":{"line":1,"column":26}}},"fnMap":{"0":{"name":"(anonymous_0)","decl":{"start":{"line":1,"column":26},"end":{"line":1,"column":27}},"loc":{"start":{"line":1,"column":80},"end":{"line":14,"column":1}}}},"branchMap":{"0":{"loc":{"start":{"line":2,"column":4},"end":{"line":2,"column":null}},"type":"if","locations":[{"start":{"line":2,"column":4},"end":{"line":2,"column":null}}]},"1":{"loc":{"start":{"line":3,"column":4},"end":{"line":3,"column":null}},"type":"if","locations":[{"start":{"line":3,"column":4},"end":{"line":3,"column":null}}]},"2":{"loc":{"start":{"line":10,"column":4},"end":{"line":10,"column":null}},"type":"if","locations":[{"start":{"line":10,"column":4},"end":{"line":10,"column":null}}]},"3":{"loc":{"start":{"line":11,"column":4},"end":{"line":11,"column":null}},"type":"if","locations":[{"start":{"line":11,"column":4},"end":{"line":11,"column":null}}]},"4":{"loc":{"start":{"line":12,"column":4},"end":{"line":12,"column":null}},"type":"if","locations":[{"start":{"line":12,"column":4},"end":{"line":12,"column":null}}]}},"s":{"0":1,"1":7,"2":1,"3":6,"4":1,"5":5,"6":5,"7":5,"8":5,"9":1,"10":4,"11":1,"12":3,"13":2,"14":1,"15":1},"f":{"0":7},"b":{"0":[1],"1":[1],"2":[1],"3":[1],"4":[2]}}
,"C:\\laragon\\www\\tdd-bank-system\\deleteAccount.ts": {"path":"C:\\laragon\\www\\tdd-bank-system\\deleteAccount.ts","statementMap":{"0":{"start":{"line":1,"column":29},"end":{"line":34,"column":1}},"1":{"start":{"line":2,"column":87},"end":{"line":8,"column":null}},"2":{"start":{"line":16,"column":26},"end":{"line":16,"column":44}},"3":{"start":{"line":18,"column":26},"end":{"line":22,"column":6}},"4":{"start":{"line":19,"column":23},"end":{"line":19,"column":56}},"5":{"start":{"line":20,"column":8},"end":{"line":20,"column":null}},"6":{"start":{"line":26,"column":6},"end":{"line":29,"column":null}},"7":{"start":{"line":27,"column":8},"end":{"line":27,"column":41}},"8":{"start":{"line":28,"column":8},"end":{"line":28,"column":null}},"9":{"start":{"line":1,"column":13},"end":{"line":1,"column":29}}},"fnMap":{"0":{"name":"(anonymous_0)","decl":{"start":{"line":1,"column":29},"end":{"line":1,"column":30}},"loc":{"start":{"line":1,"column":58},"end":{"line":34,"column":1}}},"1":{"name":"(anonymous_1)","decl":{"start":{"line":18,"column":45},"end":{"line":18,"column":46}},"loc":{"start":{"line":18,"column":56},"end":{"line":22,"column":5}}}},"branchMap":{"0":{"loc":{"start":{"line":26,"column":6},"end":{"line":29,"column":null}},"type":"if","locations":[{"start":{"line":26,"column":6},"end":{"line":29,"column":null}}]}},"s":{"0":1,"1":1,"2":1,"3":1,"4":3,"5":3,"6":1,"7":1,"8":1,"9":1},"f":{"0":1,"1":3},"b":{"0":[1]}}
,"C:\\laragon\\www\\tdd-bank-system\\deposit.ts": {"path":"C:\\laragon\\www\\tdd-bank-system\\deposit.ts","statementMap":{"0":{"start":{"line":1,"column":23},"end":{"line":11,"column":1}},"1":{"start":{"line":3,"column":4},"end":{"line":8,"column":null}},"2":{"start":{"line":4,"column":21},"end":{"line":4,"column":37}},"3":{"start":{"line":6,"column":8},"end":{"line":6,"column":22}},"4":{"start":{"line":10,"column":4},"end":{"line":10,"column":28}},"5":{"start":{"line":1,"column":13},"end":{"line":1,"column":23}}},"fnMap":{"0":{"name":"(anonymous_0)","decl":{"start":{"line":1,"column":23},"end":{"line":1,"column":24}},"loc":{"start":{"line":1,"column":67},"end":{"line":11,"column":1}}}},"branchMap":{"0":{"loc":{"start":{"line":3,"column":4},"end":{"line":8,"column":null}},"type":"if","locations":[{"start":{"line":3,"column":4},"end":{"line":8,"column":null}}]},"1":{"loc":{"start":{"line":3,"column":7},"end":{"line":3,"column":74}},"type":"binary-expr","locations":[{"start":{"line":3,"column":7},"end":{"line":3,"column":39}},{"start":{"line":3,"column":43},"end":{"line":3,"column":74}}]}},"s":{"0":1,"1":3,"2":1,"3":1,"4":2,"5":1},"f":{"0":3},"b":{"0":[1],"1":[3,2]}}
,"C:\\laragon\\www\\tdd-bank-system\\loan.ts": {"path":"C:\\laragon\\www\\tdd-bank-system\\loan.ts","statementMap":{"0":{"start":{"line":1,"column":20},"end":{"line":13,"column":1}},"1":{"start":{"line":3,"column":19},"end":{"line":3,"column":42}},"2":{"start":{"line":4,"column":21},"end":{"line":4,"column":37}},"3":{"start":{"line":7,"column":4},"end":{"line":11,"column":null}},"4":{"start":{"line":9,"column":8},"end":{"line":9,"column":null}},"5":{"start":{"line":12,"column":4},"end":{"line":12,"column":null}},"6":{"start":{"line":1,"column":13},"end":{"line":1,"column":20}}},"fnMap":{"0":{"name":"(anonymous_0)","decl":{"start":{"line":1,"column":20},"end":{"line":1,"column":21}},"loc":{"start":{"line":1,"column":73},"end":{"line":13,"column":1}}}},"branchMap":{"0":{"loc":{"start":{"line":7,"column":4},"end":{"line":11,"column":null}},"type":"if","locations":[{"start":{"line":7,"column":4},"end":{"line":11,"column":null}}]},"1":{"loc":{"start":{"line":7,"column":7},"end":{"line":7,"column":74}},"type":"binary-expr","locations":[{"start":{"line":7,"column":7},"end":{"line":7,"column":39}},{"start":{"line":7,"column":43},"end":{"line":7,"column":74}}]}},"s":{"0":1,"1":2,"2":2,"3":2,"4":1,"5":1,"6":1},"f":{"0":2},"b":{"0":[1],"1":[2,2]}}
,"C:\\laragon\\www\\tdd-bank-system\\withdrawal.ts": {"path":"C:\\laragon\\www\\tdd-bank-system\\withdrawal.ts","statementMap":{"0":{"start":{"line":1,"column":26},"end":{"line":19,"column":1}},"1":{"start":{"line":3,"column":4},"end":{"line":3,"column":60}},"2":{"start":{"line":3,"column":22},"end":{"line":3,"column":60}},"3":{"start":{"line":4,"column":4},"end":{"line":4,"column":53}},"4":{"start":{"line":4,"column":29},"end":{"line":4,"column":53}},"5":{"start":{"line":5,"column":4},"end":{"line":10,"column":null}},"6":{"start":{"line":6,"column":21},"end":{"line":6,"column":38}},"7":{"start":{"line":8,"column":8},"end":{"line":8,"column":22}},"8":{"start":{"line":18,"column":4},"end":{"line":18,"column":28}},"9":{"start":{"line":1,"column":13},"end":{"line":1,"column":26}}},"fnMap":{"0":{"name":"(anonymous_0)","decl":{"start":{"line":1,"column":26},"end":{"line":1,"column":27}},"loc":{"start":{"line":1,"column":79},"end":{"line":19,"column":1}}}},"branchMap":{"0":{"loc":{"start":{"line":3,"column":4},"end":{"line":3,"column":60}},"type":"if","locations":[{"start":{"line":3,"column":4},"end":{"line":3,"column":60}}]},"1":{"loc":{"start":{"line":4,"column":4},"end":{"line":4,"column":53}},"type":"if","locations":[{"start":{"line":4,"column":4},"end":{"line":4,"column":53}}]},"2":{"loc":{"start":{"line":5,"column":4},"end":{"line":10,"column":null}},"type":"if","locations":[{"start":{"line":5,"column":4},"end":{"line":10,"column":null}}]},"3":{"loc":{"start":{"line":5,"column":7},"end":{"line":5,"column":74}},"type":"binary-expr","locations":[{"start":{"line":5,"column":7},"end":{"line":5,"column":39}},{"start":{"line":5,"column":43},"end":{"line":5,"column":74}}]}},"s":{"0":1,"1":5,"2":1,"3":4,"4":1,"5":3,"6":1,"7":1,"8":2,"9":1},"f":{"0":5},"b":{"0":[1],"1":[1],"2":[1],"3":[3,2]}}
}
