TN:
SF:account.ts
FN:1,(anonymous_0)
FN:13,(anonymous_1)
FN:14,(anonymous_2)
FNF:3
FNH:3
FNDA:2,(anonymous_0)
FNDA:7,(anonymous_1)
FNDA:7,(anonymous_2)
DA:1,1
DA:3,2
DA:10,2
DA:12,2
DA:13,7
DA:14,7
DA:15,2
DA:16,1
DA:17,1
DA:21,1
DA:22,1
DA:23,1
DA:24,1
LF:13
LH:13
BRDA:15,0,0,1
BRDA:15,1,0,2
BRDA:15,1,1,1
BRDA:21,2,0,1
BRF:4
BRH:4
end_of_record
TN:
SF:balance.ts
FN:1,(anonymous_0)
FNF:1
FNH:1
FNDA:1,(anonymous_0)
DA:1,1
DA:3,1
LF:2
LH:2
BRF:0
BRH:0
end_of_record
TN:
SF:currencies.ts
FN:1,(anonymous_0)
FNF:1
FNH:1
FNDA:7,(anonymous_0)
DA:1,1
DA:2,7
DA:3,6
DA:5,5
DA:7,5
DA:9,5
DA:10,5
DA:11,4
DA:12,3
DA:13,1
LF:10
LH:10
BRDA:2,0,0,1
BRDA:3,1,0,1
BRDA:10,2,0,1
BRDA:11,3,0,1
BRDA:12,4,0,2
BRF:5
BRH:5
end_of_record
TN:
SF:deleteAccount.ts
FN:1,(anonymous_0)
FN:18,(anonymous_1)
FNF:2
FNH:2
FNDA:1,(anonymous_0)
FNDA:3,(anonymous_1)
DA:1,1
DA:2,1
DA:16,1
DA:18,1
DA:19,3
DA:20,3
DA:26,1
DA:27,1
DA:28,1
LF:9
LH:9
BRDA:26,0,0,1
BRF:1
BRH:1
end_of_record
TN:
SF:deposit.ts
FN:1,(anonymous_0)
FNF:1
FNH:1
FNDA:3,(anonymous_0)
DA:1,1
DA:3,3
DA:4,1
DA:6,1
DA:10,2
LF:5
LH:5
BRDA:3,0,0,1
BRDA:3,1,0,3
BRDA:3,1,1,2
BRF:3
BRH:3
end_of_record
TN:
SF:loan.ts
FN:1,(anonymous_0)
FNF:1
FNH:1
FNDA:2,(anonymous_0)
DA:1,1
DA:3,2
DA:4,2
DA:7,2
DA:9,1
DA:12,1
LF:6
LH:6
BRDA:7,0,0,1
BRDA:7,1,0,2
BRDA:7,1,1,2
BRF:3
BRH:3
end_of_record
TN:
SF:withdrawal.ts
FN:1,(anonymous_0)
FNF:1
FNH:1
FNDA:5,(anonymous_0)
DA:1,1
DA:3,5
DA:4,4
DA:5,3
DA:6,1
DA:8,1
DA:18,2
LF:7
LH:7
BRDA:3,0,0,1
BRDA:4,1,0,1
BRDA:5,2,0,1
BRDA:5,3,0,3
BRDA:5,3,1,2
BRF:5
BRH:5
end_of_record
