TN:
SF:currencies.ts
FN:1,(anonymous_0)
FNF:1
FNH:1
FNDA:4,(anonymous_0)
DA:1,1
DA:3,4
DA:5,4
DA:7,4
DA:8,4
DA:9,3
DA:10,2
DA:11,1
LF:8
LH:8
BRDA:8,0,0,1
BRDA:9,1,0,1
BRDA:10,2,0,1
BRF:3
BRH:3
end_of_record
TN:
SF:deposit.ts
FN:1,(anonymous_0)
FNF:1
FNH:1
FNDA:3,(anonymous_0)
DA:1,1
DA:3,3
DA:4,1
DA:6,1
DA:10,2
LF:5
LH:5
BRDA:3,0,0,1
BRDA:3,1,0,3
BRDA:3,1,1,2
BRF:3
BRH:3
end_of_record
TN:
SF:loan.ts
FN:1,(anonymous_0)
FNF:1
FNH:1
FNDA:2,(anonymous_0)
DA:1,1
DA:3,2
DA:4,2
DA:7,2
DA:9,1
DA:12,1
LF:6
LH:6
BRDA:7,0,0,1
BRDA:7,1,0,2
BRDA:7,1,1,2
BRF:3
BRH:3
end_of_record
TN:
SF:withdrawal.ts
FN:1,(anonymous_0)
FNF:1
FNH:1
FNDA:5,(anonymous_0)
DA:1,1
DA:3,5
DA:4,4
DA:5,3
DA:6,1
DA:8,1
DA:18,2
LF:7
LH:7
BRDA:3,0,0,1
BRDA:4,1,0,1
BRDA:5,2,0,1
BRDA:5,3,0,3
BRDA:5,3,1,2
BRF:5
BRH:5
end_of_record
